# JRE version: Java(TM) SE Runtime Environment (8.0_191-b12) (build 1.8.0_191-b12)
# Java VM: Java HotSpot(TM) 64-Bit Server VM (25.191-b12 mixed mode windows-amd64 compressed oops)
Heap:
 PSYoungGen      total 137728K, used 91736K [0x00000000d5c00000, 0x00000000e0d80000, 0x0000000100000000)
  eden space 129024K, 71% used [0x00000000d5c00000,0x00000000db5963d0,0x00000000dda00000)
  from space 8704K, 0% used [0x00000000dda00000,0x00000000dda00000,0x00000000de280000)
  to   space 12288K, 0% used [0x00000000e0180000,0x00000000e0180000,0x00000000e0d80000)
 ParOldGen       total 55296K, used 12022K [0x0000000081400000, 0x0000000084a00000, 0x00000000d5c00000)
  object space 55296K, 21% used [0x0000000081400000,0x0000000081fbdae8,0x0000000084a00000)
 Metaspace       used 48023K, capacity 49234K, committed 49576K, reserved 1091584K
  class space    used 6687K, capacity 6930K, committed 6960K, reserved 1048576K
GC Heap History (10 events):
Event: 4.946 GC heap before
{Heap before GC invocations=9 (full 2):
 PSYoungGen      total 137728K, used 8687K [0x00000000d5c00000, 0x00000000e1800000, 0x0000000100000000)
  eden space 129024K, 0% used [0x00000000d5c00000,0x00000000d5c00000,0x00000000dda00000)
  from space 8704K, 99% used [0x00000000dda00000,0x00000000de27bf18,0x00000000de280000)
  to   space 11264K, 0% used [0x00000000e0d00000,0x00000000e0d00000,0x00000000e1800000)
 ParOldGen       total 55296K, used 10462K [0x0000000081400000, 0x0000000084a00000, 0x00000000d5c00000)
  object space 55296K, 18% used [0x0000000081400000,0x0000000081e37b68,0x0000000084a00000)
 Metaspace       used 34282K, capacity 35326K, committed 35496K, reserved 1081344K
  class space    used 4378K, capacity 4606K, committed 4656K, reserved 1048576K
Event: 5.010 GC heap after
Heap after GC invocations=9 (full 2):
 PSYoungGen      total 137728K, used 0K [0x00000000d5c00000, 0x00000000e1800000, 0x0000000100000000)
  eden space 129024K, 0% used [0x00000000d5c00000,0x00000000d5c00000,0x00000000dda00000)
  from space 8704K, 0% used [0x00000000dda00000,0x00000000dda00000,0x00000000de280000)
  to   space 11264K, 0% used [0x00000000e0d00000,0x00000000e0d00000,0x00000000e1800000)
 ParOldGen       total 55296K, used 16825K [0x0000000081400000, 0x0000000084a00000, 0x00000000d5c00000)
  object space 55296K, 30% used [0x0000000081400000,0x000000008246e7d0,0x0000000084a00000)
 Metaspace       used 34282K, capacity 35326K, committed 35496K, reserved 1081344K
  class space    used 4378K, capacity 4606K, committed 4656K, reserved 1048576K
}
Event: 5.195 GC heap before
{Heap before GC invocations=10 (full 2):
 PSYoungGen      total 137728K, used 17254K [0x00000000d5c00000, 0x00000000e1800000, 0x0000000100000000)
  eden space 129024K, 13% used [0x00000000d5c00000,0x00000000d6cd9960,0x00000000dda00000)
  from space 8704K, 0% used [0x00000000dda00000,0x00000000dda00000,0x00000000de280000)
  to   space 11264K, 0% used [0x00000000e0d00000,0x00000000e0d00000,0x00000000e1800000)
 ParOldGen       total 55296K, used 16825K [0x0000000081400000, 0x0000000084a00000, 0x00000000d5c00000)
  object space 55296K, 30% used [0x0000000081400000,0x000000008246e7d0,0x0000000084a00000)
 Metaspace       used 36445K, capacity 37482K, committed 37672K, reserved 1085440K
  class space    used 4728K, capacity 4960K, committed 5040K, reserved 1048576K
Event: 5.200 GC heap after
Heap after GC invocations=10 (full 2):
 PSYoungGen      total 140288K, used 2264K [0x00000000d5c00000, 0x00000000e1800000, 0x0000000100000000)
  eden space 129024K, 0% used [0x00000000d5c00000,0x00000000d5c00000,0x00000000dda00000)
  from space 11264K, 20% used [0x00000000e0d00000,0x00000000e0f363a8,0x00000000e1800000)
  to   space 8704K, 0% used [0x00000000dda00000,0x00000000dda00000,0x00000000de280000)
 ParOldGen       total 55296K, used 16833K [0x0000000081400000, 0x0000000084a00000, 0x00000000d5c00000)
  object space 55296K, 30% used [0x0000000081400000,0x00000000824707d0,0x0000000084a00000)
 Metaspace       used 36445K, capacity 37482K, committed 37672K, reserved 1085440K
  class space    used 4728K, capacity 4960K, committed 5040K, reserved 1048576K
}
Event: 5.200 GC heap before
{Heap before GC invocations=11 (full 3):
 PSYoungGen      total 140288K, used 2264K [0x00000000d5c00000, 0x00000000e1800000, 0x0000000100000000)
  eden space 129024K, 0% used [0x00000000d5c00000,0x00000000d5c00000,0x00000000dda00000)
  from space 11264K, 20% used [0x00000000e0d00000,0x00000000e0f363a8,0x00000000e1800000)
  to   space 8704K, 0% used [0x00000000dda00000,0x00000000dda00000,0x00000000de280000)
 ParOldGen       total 55296K, used 16833K [0x0000000081400000, 0x0000000084a00000, 0x00000000d5c00000)
  object space 55296K, 30% used [0x0000000081400000,0x00000000824707d0,0x0000000084a00000)
 Metaspace       used 36445K, capacity 37482K, committed 37672K, reserved 1085440K
  class space    used 4728K, capacity 4960K, committed 5040K, reserved 1048576K
Event: 5.263 GC heap after
Heap after GC invocations=11 (full 3):
 PSYoungGen      total 140288K, used 0K [0x00000000d5c00000, 0x00000000e1800000, 0x0000000100000000)
  eden space 129024K, 0% used [0x00000000d5c00000,0x00000000d5c00000,0x00000000dda00000)
  from space 11264K, 0% used [0x00000000e0d00000,0x00000000e0d00000,0x00000000e1800000)
  to   space 8704K, 0% used [0x00000000dda00000,0x00000000dda00000,0x00000000de280000)
 ParOldGen       total 55296K, used 13603K [0x0000000081400000, 0x0000000084a00000, 0x00000000d5c00000)
  object space 55296K, 24% used [0x0000000081400000,0x0000000082148d90,0x0000000084a00000)
 Metaspace       used 36445K, capacity 37482K, committed 37672K, reserved 1083392K
  class space    used 4728K, capacity 4960K, committed 5040K, reserved 1048576K
}
Event: 5.263 GC heap before
{Heap before GC invocations=12 (full 3):
 PSYoungGen      total 140288K, used 1976K [0x00000000d5c00000, 0x00000000e1800000, 0x0000000100000000)
  eden space 129024K, 1% used [0x00000000d5c00000,0x00000000d5dee2d0,0x00000000dda00000)
  from space 11264K, 0% used [0x00000000e0d00000,0x00000000e0d00000,0x00000000e1800000)
  to   space 8704K, 0% used [0x00000000dda00000,0x00000000dda00000,0x00000000de280000)
 ParOldGen       total 55296K, used 13603K [0x0000000081400000, 0x0000000084a00000, 0x00000000d5c00000)
  object space 55296K, 24% used [0x0000000081400000,0x0000000082148d90,0x0000000084a00000)
 Metaspace       used 36445K, capacity 37482K, committed 37672K, reserved 1087488K
  class space    used 4728K, capacity 4960K, committed 5040K, reserved 1048576K
Event: 5.265 GC heap after
Heap after GC invocations=12 (full 3):
 PSYoungGen      total 137728K, used 128K [0x00000000d5c00000, 0x00000000e0d80000, 0x0000000100000000)
  eden space 129024K, 0% used [0x00000000d5c00000,0x00000000d5c00000,0x00000000dda00000)
  from space 8704K, 1% used [0x00000000dda00000,0x00000000dda20000,0x00000000de280000)
  to   space 12288K, 0% used [0x00000000e0180000,0x00000000e0180000,0x00000000e0d80000)
 ParOldGen       total 55296K, used 13603K [0x0000000081400000, 0x0000000084a00000, 0x00000000d5c00000)
  object space 55296K, 24% used [0x0000000081400000,0x0000000082148d90,0x0000000084a00000)
 Metaspace       used 36445K, capacity 37482K, committed 37672K, reserved 1087488K
  class space    used 4728K, capacity 4960K, committed 5040K, reserved 1048576K
}
Event: 5.265 GC heap before
{Heap before GC invocations=13 (full 4):
 PSYoungGen      total 137728K, used 128K [0x00000000d5c00000, 0x00000000e0d80000, 0x0000000100000000)
  eden space 129024K, 0% used [0x00000000d5c00000,0x00000000d5c00000,0x00000000dda00000)
  from space 8704K, 1% used [0x00000000dda00000,0x00000000dda20000,0x00000000de280000)
  to   space 12288K, 0% used [0x00000000e0180000,0x00000000e0180000,0x00000000e0d80000)
 ParOldGen       total 55296K, used 13603K [0x0000000081400000, 0x0000000084a00000, 0x00000000d5c00000)
  object space 55296K, 24% used [0x0000000081400000,0x0000000082148d90,0x0000000084a00000)
 Metaspace       used 36445K, capacity 37482K, committed 37672K, reserved 1087488K
  class space    used 4728K, capacity 4960K, committed 5040K, reserved 1048576K
Event: 5.298 GC heap after
Heap after GC invocations=13 (full 4):
 PSYoungGen      total 137728K, used 0K [0x00000000d5c00000, 0x00000000e0d80000, 0x0000000100000000)
  eden space 129024K, 0% used [0x00000000d5c00000,0x00000000d5c00000,0x00000000dda00000)
  from space 8704K, 0% used [0x00000000dda00000,0x00000000dda00000,0x00000000de280000)
  to   space 12288K, 0% used [0x00000000e0180000,0x00000000e0180000,0x00000000e0d80000)
 ParOldGen       total 55296K, used 12022K [0x0000000081400000, 0x0000000084a00000, 0x00000000d5c00000)
  object space 55296K, 21% used [0x0000000081400000,0x0000000081fbdae8,0x0000000084a00000)
 Metaspace       used 36445K, capacity 37482K, committed 37672K, reserved 1083392K
  class space    used 4728K, capacity 4960K, committed 5040K, reserved 1048576K
}

